<?xml version="1.0" encoding="UTF-8"?>
<!-- Generated by org.testng.reporters.JUnitReportReporter -->
<testsuite skipped="0" hostname="DESKTOP-HOU0PE6" name="test.Backend.Tests.BookingEmailConfigTest" tests="1" failures="0" timestamp="31 Oct 2018 07:27:23 GMT" time="34.576" errors="0">
  <testcase name="BookingEmailConfig" time="34.576" classname="test.Backend.Tests.BookingEmailConfigTest"/>
</testsuite> <!-- test.Backend.Tests.BookingEmailConfigTest -->
