<?xml version="1.0" encoding="UTF-8"?>
<!-- Generated by org.testng.reporters.JUnitReportReporter -->
<testsuite skipped="0" hostname="DESKTOP-HOU0PE6" name="test.Backend.Tests.BookingRequestTest" tests="1" failures="0" timestamp="31 Oct 2018 06:57:55 GMT" time="33.047" errors="0">
  <testcase name="bookingRequest" time="33.047" classname="test.Backend.Tests.BookingRequestTest"/>
</testsuite> <!-- test.Backend.Tests.BookingRequestTest -->
