<?xml version="1.0" encoding="UTF-8"?>
<!-- Generated by org.testng.reporters.JUnitReportReporter -->
<testsuite skipped="0" hostname="DESKTOP-HOU0PE6" name="test.Backend.Tests.LoginTest" tests="1" failures="0" timestamp="29 Oct 2018 11:09:02 GMT" time="27.663" errors="0">
  <testcase name="LoginPage" time="27.663" classname="test.Backend.Tests.LoginTest"/>
</testsuite> <!-- test.Backend.Tests.LoginTest -->
